<?xml version="1.0" encoding="UTF-8"?>
<!-- Generated by org.testng.reporters.JUnitXMLReporter -->
<testsuite ignored="0" hostname="DESKTOP-LEE528R" failures="4" tests="18" name="Test" time="154.526" errors="0" timestamp="2023-06-16T21:42:30 IST">
  <testcase classname="com.obsquera.testScripts.ManageDeliveryBoyTest" name="checkWhetherUserIsAbleToSearchNamesInDeliveryBoyPages" time="3.671"/>
  <testcase classname="com.obsquera.testScripts.ManageDeliveryBoyTest" name="checkWhetherUserIsAbleToUpdateStatusInDeliveryBoyListPage" time="2.918"/>
  <testcase classname="com.obsquera.testScripts.ManageDeliveryBoyTest" name="userIsAbleToAddDatasToListDeliveryBoy" time="4.072">
    <skipped/>
  </testcase> <!-- userIsAbleToAddDatasToListDeliveryBoy -->
  <testcase classname="com.obsquera.testScripts.ManageDeliveryBoyTest" name="userIsAbleToAddDatasToListDeliveryBoy" time="3.886">
    <skipped/>
  </testcase> <!-- userIsAbleToAddDatasToListDeliveryBoy -->
  <testcase classname="com.obsquera.testScripts.ManageDeliveryBoyTest" name="userIsAbleToAddDatasToListDeliveryBoy" time="3.731">
    <failure type="org.openqa.selenium.ElementClickInterceptedException" message="element click intercepted: Element is not clickable at point (334, 715)
  (Session info: chrome=114.0.5735.134)
Build info: version: &amp;apos;4.8.3&amp;apos;, revision: &amp;apos;e5e76298c3&amp;apos;
System info: os.name: &amp;apos;Windows 10&amp;apos;, os.arch: &amp;apos;amd64&amp;apos;, os.version: &amp;apos;10.0&amp;apos;, java.version: &amp;apos;17.0.6&amp;apos;
Driver info: org.openqa.selenium.chrome.ChromeDriver
Command: [ac7698a73e8cb27795b65e9558f28bed, clickElement {id=7612E036CD5D87F6B0F748B26FBF4F67_element_40}]
Capabilities {acceptInsecureCerts: false, browserName: chrome, browserVersion: 114.0.5735.134, chrome: {chromedriverVersion: 114.0.5735.90 (386bc09e8f4f..., userDataDir: C:\Users\user\AppData\Local...}, goog:chromeOptions: {debuggerAddress: localhost:55972}, networkConnectionEnabled: false, pageLoadStrategy: normal, platformName: WINDOWS, proxy: Proxy(), se:cdp: ws://localhost:55972/devtoo..., se:cdpVersion: 114.0.5735.134, setWindowRect: true, strictFileInteractability: false, timeouts: {implicit: 0, pageLoad: 300000, script: 30000}, unhandledPromptBehavior: dismiss and notify, webauthn:extension:credBlob: true, webauthn:extension:largeBlob: true, webauthn:extension:minPinLength: true, webauthn:extension:prf: true, webauthn:virtualAuthenticators: true}
Element: [[ChromeDriver: chrome on WINDOWS (ac7698a73e8cb27795b65e9558f28bed)] -&amp;gt; xpath: //button[@type=&amp;apos;submit&amp;apos;]]
Session ID: ac7698a73e8cb27795b65e9558f28bed">
      <![CDATA[org.openqa.selenium.ElementClickInterceptedException: element click intercepted: Element is not clickable at point (334, 715)
  (Session info: chrome=114.0.5735.134)
Build info: version: '4.8.3', revision: 'e5e76298c3'
System info: os.name: 'Windows 10', os.arch: 'amd64', os.version: '10.0', java.version: '17.0.6'
Driver info: org.openqa.selenium.chrome.ChromeDriver
Command: [ac7698a73e8cb27795b65e9558f28bed, clickElement {id=7612E036CD5D87F6B0F748B26FBF4F67_element_40}]
Capabilities {acceptInsecureCerts: false, browserName: chrome, browserVersion: 114.0.5735.134, chrome: {chromedriverVersion: 114.0.5735.90 (386bc09e8f4f..., userDataDir: C:\Users\user\AppData\Local...}, goog:chromeOptions: {debuggerAddress: localhost:55972}, networkConnectionEnabled: false, pageLoadStrategy: normal, platformName: WINDOWS, proxy: Proxy(), se:cdp: ws://localhost:55972/devtoo..., se:cdpVersion: 114.0.5735.134, setWindowRect: true, strictFileInteractability: false, timeouts: {implicit: 0, pageLoad: 300000, script: 30000}, unhandledPromptBehavior: dismiss and notify, webauthn:extension:credBlob: true, webauthn:extension:largeBlob: true, webauthn:extension:minPinLength: true, webauthn:extension:prf: true, webauthn:virtualAuthenticators: true}
Element: [[ChromeDriver: chrome on WINDOWS (ac7698a73e8cb27795b65e9558f28bed)] -> xpath: //button[@type='submit']]
Session ID: ac7698a73e8cb27795b65e9558f28bed
at org.openqa.selenium.remote.codec.w3c.W3CHttpResponseCodec.createException(W3CHttpResponseCodec.java:200)
at org.openqa.selenium.remote.codec.w3c.W3CHttpResponseCodec.decode(W3CHttpResponseCodec.java:133)
at org.openqa.selenium.remote.codec.w3c.W3CHttpResponseCodec.decode(W3CHttpResponseCodec.java:53)
at org.openqa.selenium.remote.HttpCommandExecutor.execute(HttpCommandExecutor.java:193)
at org.openqa.selenium.remote.service.DriverCommandExecutor.invokeExecute(DriverCommandExecutor.java:183)
at org.openqa.selenium.remote.service.DriverCommandExecutor.execute(DriverCommandExecutor.java:158)
at org.openqa.selenium.remote.RemoteWebDriver.execute(RemoteWebDriver.java:543)
at org.openqa.selenium.remote.RemoteWebElement.execute(RemoteWebElement.java:257)
at org.openqa.selenium.remote.RemoteWebElement.click(RemoteWebElement.java:78)
at org.openqa.selenium.support.pagefactory.internal.LocatingElementHandler.invoke(LocatingElementHandler.java:52)
at jdk.proxy2/jdk.proxy2.$Proxy23.click(Unknown Source)
at com.obsquera.pageScripts.ManageDeliveryBoyPage.clickOnSaveButton(ManageDeliveryBoyPage.java:75)
at com.obsquera.testScripts.ManageDeliveryBoyTest.userIsAbleToAddDatasToListDeliveryBoy(ManageDeliveryBoyTest.java:30)
at java.base/java.util.ArrayList.forEach(ArrayList.java:1511)
... Removed 35 stack frames]]>
    </failure>
  </testcase> <!-- userIsAbleToAddDatasToListDeliveryBoy -->
  <testcase classname="com.obsquera.testScripts.ManagePageTest" name="checkWhetherUserIsAbleToEditPagesInManagePages" time="3.404">
    <skipped/>
  </testcase> <!-- checkWhetherUserIsAbleToEditPagesInManagePages -->
  <testcase classname="com.obsquera.testScripts.ManagePageTest" name="checkWhetherUserIsAbleToEditPagesInManagePages" time="2.44">
    <skipped/>
  </testcase> <!-- checkWhetherUserIsAbleToEditPagesInManagePages -->
  <testcase classname="com.obsquera.testScripts.ManagePageTest" name="checkWhetherUserIsAbleToEditPagesInManagePages" time="3.841">
    <failure type="java.lang.AssertionError" message="User is not able to search Title in list pages expected [true] but found [false]">
      <![CDATA[java.lang.AssertionError: User is not able to search Title in list pages expected [true] but found [false]
at com.obsquera.testScripts.ManagePageTest.checkWhetherUserIsAbleToEditPagesInManagePages(ManagePageTest.java:51)
at java.base/java.util.ArrayList.forEach(ArrayList.java:1511)
... Removed 30 stack frames]]>
    </failure>
  </testcase> <!-- checkWhetherUserIsAbleToEditPagesInManagePages -->
  <testcase classname="com.obsquera.testScripts.ManagePageTest" name="checkWhetherUserIsAbleToSearchPagesInManagePages" time="2.857">
    <skipped/>
  </testcase> <!-- checkWhetherUserIsAbleToSearchPagesInManagePages -->
  <testcase classname="com.obsquera.testScripts.ManagePageTest" name="checkWhetherUserIsAbleToSearchPagesInManagePages" time="2.645">
    <skipped/>
  </testcase> <!-- checkWhetherUserIsAbleToSearchPagesInManagePages -->
  <testcase classname="com.obsquera.testScripts.ManagePageTest" name="checkWhetherUserIsAbleToSearchPagesInManagePages" time="2.743">
    <failure type="java.lang.AssertionError" message="User is not able to search Title in list pages expected [true] but found [false]">
      <![CDATA[java.lang.AssertionError: User is not able to search Title in list pages expected [true] but found [false]
at com.obsquera.testScripts.ManagePageTest.checkWhetherUserIsAbleToSearchPagesInManagePages(ManagePageTest.java:38)
at java.base/java.util.ArrayList.forEach(ArrayList.java:1511)
... Removed 30 stack frames]]>
    </failure>
  </testcase> <!-- checkWhetherUserIsAbleToSearchPagesInManagePages -->
  <testcase classname="com.obsquera.testScripts.ManagePageTest" name="checkWhetherUserIsGettingNoResultFoundWhileSearchWithNonExistingPagesInManagePages" time="2.668"/>
  <testcase classname="com.obsquera.testScripts.ManagePageTest" name="checkwhetherUserCanAbleToDeleteAddedEntryInManagePages" time="2.568">
    <skipped/>
  </testcase> <!-- checkwhetherUserCanAbleToDeleteAddedEntryInManagePages -->
  <testcase classname="com.obsquera.testScripts.ManagePageTest" name="checkwhetherUserCanAbleToDeleteAddedEntryInManagePages" time="3.11">
    <skipped/>
  </testcase> <!-- checkwhetherUserCanAbleToDeleteAddedEntryInManagePages -->
  <testcase classname="com.obsquera.testScripts.ManagePageTest" name="checkwhetherUserCanAbleToDeleteAddedEntryInManagePages" time="2.729">
    <failure type="java.lang.AssertionError" message="User is not able to search Title in list pages expected [true] but found [false]">
      <![CDATA[java.lang.AssertionError: User is not able to search Title in list pages expected [true] but found [false]
at com.obsquera.testScripts.ManagePageTest.checkwhetherUserCanAbleToDeleteAddedEntryInManagePages(ManagePageTest.java:67)
at java.base/java.util.ArrayList.forEach(ArrayList.java:1511)
... Removed 30 stack frames]]>
    </failure>
  </testcase> <!-- checkwhetherUserCanAbleToDeleteAddedEntryInManagePages -->
  <testcase classname="com.obsquera.testScripts.ManagePageTest" name="userIsAbleToEnterDatasToListPage" time="4.639"/>
  <testcase classname="com.obsquera.testScripts.ManageSliderTest" name="checkWhetherUserIsAbleToUpdateStatusOfSliderPage" time="2.497"/>
  <testcase classname="com.obsquera.testScripts.ManageSliderTest" name="userCanAbleToAddNewSlider" time="3.076"/>
</testsuite> <!-- Test -->
