<!DOCTYPE html PUBLIC "-//W3C//DTD XHTML 1.1//EN" "https://www.w3.org/TR/xhtml11/DTD/xhtml11.dtd">
<html xmlns="https://www.w3.org/1999/xhtml">
<head>
<meta http-equiv="content-type" content="text/html; charset=UTF-8"/>
<title>TestNG Report</title>
<style type="text/css">table {margin-bottom:10px;border-collapse:collapse;empty-cells:show}th,td {border:1px solid #009;padding:.25em .5em}th {vertical-align:bottom}td {vertical-align:top}table a {font-weight:bold}.stripe td {background-color: #E6EBF9}.num {text-align:right}.passedodd td {background-color: #3F3}.passedeven td {background-color: #0A0}.skippedodd td {background-color: #DDD}.skippedeven td {background-color: #CCC}.failedodd td,.attn {background-color: #F33}.failedeven td,.stripe .attn {background-color: #D00}.stacktrace {white-space:pre;font-family:monospace}.totop {font-size:85%;text-align:center;border-bottom:2px solid #000}.invisible {display:none}</style>
</head>
<body>
<table>
<tr><th>Test</th><th># Passed</th><th># Skipped</th><th># Retried</th><th># Failed</th><th>Time (ms)</th><th>Included Groups</th><th>Excluded Groups</th></tr>
<tr><th colspan="8">Suite</th></tr>
<tr><td><a href="#t0">Test</a></td><td class="num">6</td><td class="num">0</td><td class="num attn">8</td><td class="num attn">4</td><td class="num">154,526</td><td></td><td></td></tr>
</table>
<table id='summary'><thead><tr><th>Class</th><th>Method</th><th>Start</th><th>Time (ms)</th></tr></thead><tbody><tr><th colspan="4">Suite</th></tr></tbody><tbody id="t0"><tr><th colspan="4">Test &#8212; failed</th></tr><tr class="failedeven"><td rowspan="1">com.obsquera.testScripts.ManageDeliveryBoyTest</td><td><a href="#m0">userIsAbleToAddDatasToListDeliveryBoy</a></td><td rowspan="1">1686931837345</td><td rowspan="1">3731</td></tr><tr class="failedodd"><td rowspan="3">com.obsquera.testScripts.ManagePageTest</td><td><a href="#m1">checkWhetherUserIsAbleToEditPagesInManagePages</a></td><td rowspan="1">1686931863229</td><td rowspan="1">3841</td></tr><tr class="failedodd"><td><a href="#m2">checkWhetherUserIsAbleToSearchPagesInManagePages</a></td><td rowspan="1">1686931889597</td><td rowspan="1">2743</td></tr><tr class="failedodd"><td><a href="#m3">checkwhetherUserCanAbleToDeleteAddedEntryInManagePages</a></td><td rowspan="1">1686931923076</td><td rowspan="1">2729</td></tr><tr><th colspan="4">Test &#8212; retried</th></tr><tr class="retriedeven"><td rowspan="2">com.obsquera.testScripts.ManageDeliveryBoyTest</td><td><a href="#m4">userIsAbleToAddDatasToListDeliveryBoy</a></td><td rowspan="2">1686931818606</td><td rowspan="2">4072</td></tr><tr class="retriedeven"><td><a href="#m5">userIsAbleToAddDatasToListDeliveryBoy</a></td></tr><tr class="retriedodd"><td rowspan="6">com.obsquera.testScripts.ManagePageTest</td><td><a href="#m6">checkWhetherUserIsAbleToEditPagesInManagePages</a></td><td rowspan="2">1686931846842</td><td rowspan="2">3404</td></tr><tr class="retriedodd"><td><a href="#m7">checkWhetherUserIsAbleToEditPagesInManagePages</a></td></tr><tr class="retriedodd"><td><a href="#m8">checkWhetherUserIsAbleToSearchPagesInManagePages</a></td><td rowspan="2">1686931873432</td><td rowspan="2">2857</td></tr><tr class="retriedodd"><td><a href="#m9">checkWhetherUserIsAbleToSearchPagesInManagePages</a></td></tr><tr class="retriedodd"><td><a href="#m10">checkwhetherUserCanAbleToDeleteAddedEntryInManagePages</a></td><td rowspan="2">1686931912352</td><td rowspan="2">3110</td></tr><tr class="retriedodd"><td><a href="#m11">checkwhetherUserCanAbleToDeleteAddedEntryInManagePages</a></td></tr><tr><th colspan="4">Test &#8212; passed</th></tr><tr class="passedeven"><td rowspan="2">com.obsquera.testScripts.ManageDeliveryBoyTest</td><td><a href="#m12">checkWhetherUserIsAbleToSearchNamesInDeliveryBoyPages</a></td><td rowspan="1">1686931802560</td><td rowspan="1">3671</td></tr><tr class="passedeven"><td><a href="#m13">checkWhetherUserIsAbleToUpdateStatusInDeliveryBoyListPage</a></td><td rowspan="1">1686931810855</td><td rowspan="1">2918</td></tr><tr class="passedodd"><td rowspan="2">com.obsquera.testScripts.ManagePageTest</td><td><a href="#m14">checkWhetherUserIsGettingNoResultFoundWhileSearchWithNonExistingPagesInManagePages</a></td><td rowspan="1">1686931898059</td><td rowspan="1">2668</td></tr><tr class="passedodd"><td><a href="#m15">userIsAbleToEnterDatasToListPage</a></td><td rowspan="1">1686931930246</td><td rowspan="1">4639</td></tr><tr class="passedeven"><td rowspan="2">com.obsquera.testScripts.ManageSliderTest</td><td><a href="#m16">checkWhetherUserIsAbleToUpdateStatusOfSliderPage</a></td><td rowspan="1">1686931939421</td><td rowspan="1">2497</td></tr><tr class="passedeven"><td><a href="#m17">userCanAbleToAddNewSlider</a></td><td rowspan="1">1686931946934</td><td rowspan="1">3076</td></tr></tbody>
</table>
<h2>Test</h2><h3 id="m0">com.obsquera.testScripts.ManageDeliveryBoyTest#userIsAbleToAddDatasToListDeliveryBoy</h3><table class="result"><tr class="param"><th>Parameter #1</th><th>Parameter #2</th></tr><tr class="param stripe"><td>Globy</td><td>GY</td></tr><tr><th colspan="2">Exception</th></tr><tr><td colspan="2"><div class="stacktrace">org.openqa.selenium.ElementClickInterceptedException: element click intercepted: Element is not clickable at point (334, 715)
  (Session info: chrome=114.0.5735.134)
Build info: version: &apos;4.8.3&apos;, revision: &apos;e5e76298c3&apos;
System info: os.name: &apos;Windows 10&apos;, os.arch: &apos;amd64&apos;, os.version: &apos;10.0&apos;, java.version: &apos;17.0.6&apos;
Driver info: org.openqa.selenium.chrome.ChromeDriver
Command: [ac7698a73e8cb27795b65e9558f28bed, clickElement {id=7612E036CD5D87F6B0F748B26FBF4F67_element_40}]
Capabilities {acceptInsecureCerts: false, browserName: chrome, browserVersion: 114.0.5735.134, chrome: {chromedriverVersion: 114.0.5735.90 (386bc09e8f4f..., userDataDir: C:\Users\user\AppData\Local...}, goog:chromeOptions: {debuggerAddress: localhost:55972}, networkConnectionEnabled: false, pageLoadStrategy: normal, platformName: WINDOWS, proxy: Proxy(), se:cdp: ws://localhost:55972/devtoo..., se:cdpVersion: 114.0.5735.134, setWindowRect: true, strictFileInteractability: false, timeouts: {implicit: 0, pageLoad: 300000, script: 30000}, unhandledPromptBehavior: dismiss and notify, webauthn:extension:credBlob: true, webauthn:extension:largeBlob: true, webauthn:extension:minPinLength: true, webauthn:extension:prf: true, webauthn:virtualAuthenticators: true}
Element: [[ChromeDriver: chrome on WINDOWS (ac7698a73e8cb27795b65e9558f28bed)] -&gt; xpath: //button[@type=&apos;submit&apos;]]
Session ID: ac7698a73e8cb27795b65e9558f28bed
	at org.openqa.selenium.remote.codec.w3c.W3CHttpResponseCodec.createException(W3CHttpResponseCodec.java:200)
	at org.openqa.selenium.remote.codec.w3c.W3CHttpResponseCodec.decode(W3CHttpResponseCodec.java:133)
	at org.openqa.selenium.remote.codec.w3c.W3CHttpResponseCodec.decode(W3CHttpResponseCodec.java:53)
	at org.openqa.selenium.remote.HttpCommandExecutor.execute(HttpCommandExecutor.java:193)
	at org.openqa.selenium.remote.service.DriverCommandExecutor.invokeExecute(DriverCommandExecutor.java:183)
	at org.openqa.selenium.remote.service.DriverCommandExecutor.execute(DriverCommandExecutor.java:158)
	at org.openqa.selenium.remote.RemoteWebDriver.execute(RemoteWebDriver.java:543)
	at org.openqa.selenium.remote.RemoteWebElement.execute(RemoteWebElement.java:257)
	at org.openqa.selenium.remote.RemoteWebElement.click(RemoteWebElement.java:78)
	at org.openqa.selenium.support.pagefactory.internal.LocatingElementHandler.invoke(LocatingElementHandler.java:52)
	at jdk.proxy2/jdk.proxy2.$Proxy23.click(Unknown Source)
	at com.obsquera.pageScripts.ManageDeliveryBoyPage.clickOnSaveButton(ManageDeliveryBoyPage.java:75)
	at com.obsquera.testScripts.ManageDeliveryBoyTest.userIsAbleToAddDatasToListDeliveryBoy(ManageDeliveryBoyTest.java:30)
	at java.base/java.util.ArrayList.forEach(ArrayList.java:1511)
... Removed 35 stack frames</div></td></tr></table><p class="totop"><a href="#summary">back to summary</a></p>
<h3 id="m1">com.obsquera.testScripts.ManagePageTest#checkWhetherUserIsAbleToEditPagesInManagePages</h3><table class="result"><tr class="param"><th>Parameter #1</th><th>Parameter #2</th></tr><tr class="param stripe"><td>Globy</td><td>GlobyUpdated</td></tr><tr><th colspan="2">Exception</th></tr><tr><td colspan="2"><div class="stacktrace">java.lang.AssertionError: User is not able to search Title in list pages expected [true] but found [false]
	at com.obsquera.testScripts.ManagePageTest.checkWhetherUserIsAbleToEditPagesInManagePages(ManagePageTest.java:51)
	at java.base/java.util.ArrayList.forEach(ArrayList.java:1511)
... Removed 30 stack frames</div></td></tr></table><p class="totop"><a href="#summary">back to summary</a></p>
<h3 id="m2">com.obsquera.testScripts.ManagePageTest#checkWhetherUserIsAbleToSearchPagesInManagePages</h3><table class="result"><tr class="param"><th>Parameter #1</th></tr><tr class="param stripe"><td>Globy</td></tr><tr><th>Exception</th></tr><tr><td><div class="stacktrace">java.lang.AssertionError: User is not able to search Title in list pages expected [true] but found [false]
	at com.obsquera.testScripts.ManagePageTest.checkWhetherUserIsAbleToSearchPagesInManagePages(ManagePageTest.java:38)
	at java.base/java.util.ArrayList.forEach(ArrayList.java:1511)
... Removed 30 stack frames</div></td></tr></table><p class="totop"><a href="#summary">back to summary</a></p>
<h3 id="m3">com.obsquera.testScripts.ManagePageTest#checkwhetherUserCanAbleToDeleteAddedEntryInManagePages</h3><table class="result"><tr class="param"><th>Parameter #1</th></tr><tr class="param stripe"><td>GlobyUpdated</td></tr><tr><th>Exception</th></tr><tr><td><div class="stacktrace">java.lang.AssertionError: User is not able to search Title in list pages expected [true] but found [false]
	at com.obsquera.testScripts.ManagePageTest.checkwhetherUserCanAbleToDeleteAddedEntryInManagePages(ManagePageTest.java:67)
	at java.base/java.util.ArrayList.forEach(ArrayList.java:1511)
... Removed 30 stack frames</div></td></tr></table><p class="totop"><a href="#summary">back to summary</a></p>
<h3 id="m4">com.obsquera.testScripts.ManageDeliveryBoyTest#userIsAbleToAddDatasToListDeliveryBoy</h3><table class="result"><tr class="param"><th>Parameter #1</th><th>Parameter #2</th></tr><tr class="param stripe"><td>Globy</td><td>GY</td></tr><tr><th colspan="2">Exception</th></tr><tr><td colspan="2"><div class="stacktrace">org.openqa.selenium.ElementClickInterceptedException: element click intercepted: Element is not clickable at point (334, 650)
  (Session info: chrome=114.0.5735.134)
Build info: version: &apos;4.8.3&apos;, revision: &apos;e5e76298c3&apos;
System info: os.name: &apos;Windows 10&apos;, os.arch: &apos;amd64&apos;, os.version: &apos;10.0&apos;, java.version: &apos;17.0.6&apos;
Driver info: org.openqa.selenium.chrome.ChromeDriver
Command: [fe314fd9900b9a76d2f90a6b6e0e07b5, clickElement {id=F730B725CCC91208592BB808FCEE266B_element_43}]
Capabilities {acceptInsecureCerts: false, browserName: chrome, browserVersion: 114.0.5735.134, chrome: {chromedriverVersion: 114.0.5735.90 (386bc09e8f4f..., userDataDir: C:\Users\user\AppData\Local...}, goog:chromeOptions: {debuggerAddress: localhost:55927}, networkConnectionEnabled: false, pageLoadStrategy: normal, platformName: WINDOWS, proxy: Proxy(), se:cdp: ws://localhost:55927/devtoo..., se:cdpVersion: 114.0.5735.134, setWindowRect: true, strictFileInteractability: false, timeouts: {implicit: 0, pageLoad: 300000, script: 30000}, unhandledPromptBehavior: dismiss and notify, webauthn:extension:credBlob: true, webauthn:extension:largeBlob: true, webauthn:extension:minPinLength: true, webauthn:extension:prf: true, webauthn:virtualAuthenticators: true}
Element: [[ChromeDriver: chrome on WINDOWS (fe314fd9900b9a76d2f90a6b6e0e07b5)] -&gt; xpath: //button[@type=&apos;submit&apos;]]
Session ID: fe314fd9900b9a76d2f90a6b6e0e07b5
	at org.openqa.selenium.remote.codec.w3c.W3CHttpResponseCodec.createException(W3CHttpResponseCodec.java:200)
	at org.openqa.selenium.remote.codec.w3c.W3CHttpResponseCodec.decode(W3CHttpResponseCodec.java:133)
	at org.openqa.selenium.remote.codec.w3c.W3CHttpResponseCodec.decode(W3CHttpResponseCodec.java:53)
	at org.openqa.selenium.remote.HttpCommandExecutor.execute(HttpCommandExecutor.java:193)
	at org.openqa.selenium.remote.service.DriverCommandExecutor.invokeExecute(DriverCommandExecutor.java:183)
	at org.openqa.selenium.remote.service.DriverCommandExecutor.execute(DriverCommandExecutor.java:158)
	at org.openqa.selenium.remote.RemoteWebDriver.execute(RemoteWebDriver.java:543)
	at org.openqa.selenium.remote.RemoteWebElement.execute(RemoteWebElement.java:257)
	at org.openqa.selenium.remote.RemoteWebElement.click(RemoteWebElement.java:78)
	at org.openqa.selenium.support.pagefactory.internal.LocatingElementHandler.invoke(LocatingElementHandler.java:52)
	at jdk.proxy2/jdk.proxy2.$Proxy23.click(Unknown Source)
	at com.obsquera.pageScripts.ManageDeliveryBoyPage.clickOnSaveButton(ManageDeliveryBoyPage.java:75)
	at com.obsquera.testScripts.ManageDeliveryBoyTest.userIsAbleToAddDatasToListDeliveryBoy(ManageDeliveryBoyTest.java:30)
	at java.base/java.util.ArrayList.forEach(ArrayList.java:1511)
... Removed 36 stack frames</div></td></tr></table><p class="totop"><a href="#summary">back to summary</a></p>
<h3 id="m5">com.obsquera.testScripts.ManageDeliveryBoyTest#userIsAbleToAddDatasToListDeliveryBoy</h3><table class="result"><tr class="param"><th>Parameter #1</th><th>Parameter #2</th></tr><tr class="param stripe"><td>Globy</td><td>GY</td></tr><tr><th colspan="2">Exception</th></tr><tr><td colspan="2"><div class="stacktrace">org.openqa.selenium.ElementClickInterceptedException: element click intercepted: Element is not clickable at point (334, 714)
  (Session info: chrome=114.0.5735.134)
Build info: version: &apos;4.8.3&apos;, revision: &apos;e5e76298c3&apos;
System info: os.name: &apos;Windows 10&apos;, os.arch: &apos;amd64&apos;, os.version: &apos;10.0&apos;, java.version: &apos;17.0.6&apos;
Driver info: org.openqa.selenium.chrome.ChromeDriver
Command: [07615d7d75b03d5afc674105b067059b, clickElement {id=4D4E6749B79395935B930D9ECEF4CF04_element_40}]
Capabilities {acceptInsecureCerts: false, browserName: chrome, browserVersion: 114.0.5735.134, chrome: {chromedriverVersion: 114.0.5735.90 (386bc09e8f4f..., userDataDir: C:\Users\user\AppData\Local...}, goog:chromeOptions: {debuggerAddress: localhost:55951}, networkConnectionEnabled: false, pageLoadStrategy: normal, platformName: WINDOWS, proxy: Proxy(), se:cdp: ws://localhost:55951/devtoo..., se:cdpVersion: 114.0.5735.134, setWindowRect: true, strictFileInteractability: false, timeouts: {implicit: 0, pageLoad: 300000, script: 30000}, unhandledPromptBehavior: dismiss and notify, webauthn:extension:credBlob: true, webauthn:extension:largeBlob: true, webauthn:extension:minPinLength: true, webauthn:extension:prf: true, webauthn:virtualAuthenticators: true}
Element: [[ChromeDriver: chrome on WINDOWS (07615d7d75b03d5afc674105b067059b)] -&gt; xpath: //button[@type=&apos;submit&apos;]]
Session ID: 07615d7d75b03d5afc674105b067059b
	at org.openqa.selenium.remote.codec.w3c.W3CHttpResponseCodec.createException(W3CHttpResponseCodec.java:200)
	at org.openqa.selenium.remote.codec.w3c.W3CHttpResponseCodec.decode(W3CHttpResponseCodec.java:133)
	at org.openqa.selenium.remote.codec.w3c.W3CHttpResponseCodec.decode(W3CHttpResponseCodec.java:53)
	at org.openqa.selenium.remote.HttpCommandExecutor.execute(HttpCommandExecutor.java:193)
	at org.openqa.selenium.remote.service.DriverCommandExecutor.invokeExecute(DriverCommandExecutor.java:183)
	at org.openqa.selenium.remote.service.DriverCommandExecutor.execute(DriverCommandExecutor.java:158)
	at org.openqa.selenium.remote.RemoteWebDriver.execute(RemoteWebDriver.java:543)
	at org.openqa.selenium.remote.RemoteWebElement.execute(RemoteWebElement.java:257)
	at org.openqa.selenium.remote.RemoteWebElement.click(RemoteWebElement.java:78)
	at org.openqa.selenium.support.pagefactory.internal.LocatingElementHandler.invoke(LocatingElementHandler.java:52)
	at jdk.proxy2/jdk.proxy2.$Proxy23.click(Unknown Source)
	at com.obsquera.pageScripts.ManageDeliveryBoyPage.clickOnSaveButton(ManageDeliveryBoyPage.java:75)
	at com.obsquera.testScripts.ManageDeliveryBoyTest.userIsAbleToAddDatasToListDeliveryBoy(ManageDeliveryBoyTest.java:30)
	at java.base/java.util.ArrayList.forEach(ArrayList.java:1511)
... Removed 36 stack frames</div></td></tr></table><p class="totop"><a href="#summary">back to summary</a></p>
<h3 id="m6">com.obsquera.testScripts.ManagePageTest#checkWhetherUserIsAbleToEditPagesInManagePages</h3><table class="result"><tr class="param"><th>Parameter #1</th><th>Parameter #2</th></tr><tr class="param stripe"><td>Globy</td><td>GlobyUpdated</td></tr><tr><th colspan="2">Exception</th></tr><tr><td colspan="2"><div class="stacktrace">java.lang.AssertionError: User is not able to search Title in list pages expected [true] but found [false]
	at com.obsquera.testScripts.ManagePageTest.checkWhetherUserIsAbleToEditPagesInManagePages(ManagePageTest.java:51)
	at java.base/java.util.ArrayList.forEach(ArrayList.java:1511)
... Removed 30 stack frames</div></td></tr></table><p class="totop"><a href="#summary">back to summary</a></p>
<h3 id="m7">com.obsquera.testScripts.ManagePageTest#checkWhetherUserIsAbleToEditPagesInManagePages</h3><table class="result"><tr class="param"><th>Parameter #1</th><th>Parameter #2</th></tr><tr class="param stripe"><td>Globy</td><td>GlobyUpdated</td></tr><tr><th colspan="2">Exception</th></tr><tr><td colspan="2"><div class="stacktrace">java.lang.AssertionError: User is not able to search Title in list pages expected [true] but found [false]
	at com.obsquera.testScripts.ManagePageTest.checkWhetherUserIsAbleToEditPagesInManagePages(ManagePageTest.java:51)
	at java.base/java.util.ArrayList.forEach(ArrayList.java:1511)
... Removed 30 stack frames</div></td></tr></table><p class="totop"><a href="#summary">back to summary</a></p>
<h3 id="m8">com.obsquera.testScripts.ManagePageTest#checkWhetherUserIsAbleToSearchPagesInManagePages</h3><table class="result"><tr class="param"><th>Parameter #1</th></tr><tr class="param stripe"><td>Globy</td></tr><tr><th>Exception</th></tr><tr><td><div class="stacktrace">java.lang.AssertionError: User is not able to search Title in list pages expected [true] but found [false]
	at com.obsquera.testScripts.ManagePageTest.checkWhetherUserIsAbleToSearchPagesInManagePages(ManagePageTest.java:38)
	at java.base/java.util.ArrayList.forEach(ArrayList.java:1511)
... Removed 30 stack frames</div></td></tr></table><p class="totop"><a href="#summary">back to summary</a></p>
<h3 id="m9">com.obsquera.testScripts.ManagePageTest#checkWhetherUserIsAbleToSearchPagesInManagePages</h3><table class="result"><tr class="param"><th>Parameter #1</th></tr><tr class="param stripe"><td>Globy</td></tr><tr><th>Exception</th></tr><tr><td><div class="stacktrace">java.lang.AssertionError: User is not able to search Title in list pages expected [true] but found [false]
	at com.obsquera.testScripts.ManagePageTest.checkWhetherUserIsAbleToSearchPagesInManagePages(ManagePageTest.java:38)
	at java.base/java.util.ArrayList.forEach(ArrayList.java:1511)
... Removed 30 stack frames</div></td></tr></table><p class="totop"><a href="#summary">back to summary</a></p>
<h3 id="m10">com.obsquera.testScripts.ManagePageTest#checkwhetherUserCanAbleToDeleteAddedEntryInManagePages</h3><table class="result"><tr class="param"><th>Parameter #1</th></tr><tr class="param stripe"><td>GlobyUpdated</td></tr><tr><th>Exception</th></tr><tr><td><div class="stacktrace">java.lang.AssertionError: User is not able to search Title in list pages expected [true] but found [false]
	at com.obsquera.testScripts.ManagePageTest.checkwhetherUserCanAbleToDeleteAddedEntryInManagePages(ManagePageTest.java:67)
	at java.base/java.util.ArrayList.forEach(ArrayList.java:1511)
... Removed 30 stack frames</div></td></tr></table><p class="totop"><a href="#summary">back to summary</a></p>
<h3 id="m11">com.obsquera.testScripts.ManagePageTest#checkwhetherUserCanAbleToDeleteAddedEntryInManagePages</h3><table class="result"><tr class="param"><th>Parameter #1</th></tr><tr class="param stripe"><td>GlobyUpdated</td></tr><tr><th>Exception</th></tr><tr><td><div class="stacktrace">java.lang.AssertionError: User is not able to search Title in list pages expected [true] but found [false]
	at com.obsquera.testScripts.ManagePageTest.checkwhetherUserCanAbleToDeleteAddedEntryInManagePages(ManagePageTest.java:67)
	at java.base/java.util.ArrayList.forEach(ArrayList.java:1511)
... Removed 30 stack frames</div></td></tr></table><p class="totop"><a href="#summary">back to summary</a></p>
<h3 id="m12">com.obsquera.testScripts.ManageDeliveryBoyTest#checkWhetherUserIsAbleToSearchNamesInDeliveryBoyPages</h3><table class="result"><tr class="param"><th>Parameter #1</th></tr><tr class="param stripe"><td>Globy</td></tr></table><p class="totop"><a href="#summary">back to summary</a></p>
<h3 id="m13">com.obsquera.testScripts.ManageDeliveryBoyTest#checkWhetherUserIsAbleToUpdateStatusInDeliveryBoyListPage</h3><table class="result"><tr><th class="invisible"/></tr></table><p class="totop"><a href="#summary">back to summary</a></p>
<h3 id="m14">com.obsquera.testScripts.ManagePageTest#checkWhetherUserIsGettingNoResultFoundWhileSearchWithNonExistingPagesInManagePages</h3><table class="result"><tr class="param"><th>Parameter #1</th></tr><tr class="param stripe"><td>.........RESULT NOT FOUND.......</td></tr></table><p class="totop"><a href="#summary">back to summary</a></p>
<h3 id="m15">com.obsquera.testScripts.ManagePageTest#userIsAbleToEnterDatasToListPage</h3><table class="result"><tr class="param"><th>Parameter #1</th><th>Parameter #2</th><th>Parameter #3</th></tr><tr class="param stripe"><td>Globy</td><td>first added data by Globy</td><td>GY1</td></tr></table><p class="totop"><a href="#summary">back to summary</a></p>
<h3 id="m16">com.obsquera.testScripts.ManageSliderTest#checkWhetherUserIsAbleToUpdateStatusOfSliderPage</h3><table class="result"><tr><th class="invisible"/></tr></table><p class="totop"><a href="#summary">back to summary</a></p>
<h3 id="m17">com.obsquera.testScripts.ManageSliderTest#userCanAbleToAddNewSlider</h3><table class="result"><tr class="param"><th>Parameter #1</th></tr><tr class="param stripe"><td>www.google.com</td></tr></table><p class="totop"><a href="#summary">back to summary</a></p>
</body>
</html>
